d:\program files\microsoft visual studio\9790os_chapter_2\philosophersdinner\x64\debug\philosophersdinner.pch
d:\program files\microsoft visual studio\9790os_chapter_2\philosophersdinner\x64\debug\vc120.pdb
d:\program files\microsoft visual studio\9790os_chapter_2\philosophersdinner\x64\debug\vc120.idb
d:\program files\microsoft visual studio\9790os_chapter_2\philosophersdinner\x64\debug\stdafx.obj
d:\program files\microsoft visual studio\9790os_chapter_2\philosophersdinner\x64\debug\philosophersdinner.obj
d:\program files\microsoft visual studio\9790os_chapter_2\x64\debug\philosophersdinner.ilk
d:\program files\microsoft visual studio\9790os_chapter_2\x64\debug\philosophersdinner.exe
d:\program files\microsoft visual studio\9790os_chapter_2\x64\debug\philosophersdinner.pdb
d:\program files\microsoft visual studio\9790os_chapter_2\philosophersdinner\x64\debug\philosophersdinner.res
d:\program files\microsoft visual studio\c++ multithreading cookbook\9790os_chapter_2\philosophersdinner\x64\debug\philosophersdinner.obj
d:\program files\microsoft visual studio\c++ multithreading cookbook\9790os_chapter_2\philosophersdinner\x64\debug\stdafx.obj
d:\program files\microsoft visual studio\c++ multithreading cookbook\9790os_chapter_2\philosophersdinner\x64\debug\philosophersdinner.res
d:\program files\microsoft visual studio\c++ multithreading cookbook\9790os_chapter_2\philosophersdinner\x64\debug\philosophersdinner.pch
d:\program files\microsoft visual studio\c++ multithreading cookbook\9790os_chapter_2\philosophersdinner\x64\debug\vc120.idb
d:\program files\microsoft visual studio\c++ multithreading cookbook\9790os_chapter_2\philosophersdinner\x64\debug\vc120.pdb
d:\program files\microsoft visual studio\c++ multithreading cookbook\9790os_chapter_2\x64\debug\philosophersdinner.pdb
d:\program files\microsoft visual studio\c++ multithreading cookbook\9790os_chapter_2\x64\debug\philosophersdinner.exe
d:\program files\microsoft visual studio\c++ multithreading cookbook\9790os_chapter_2\x64\debug\philosophersdinner.ilk
d:\program files\microsoft visual studio\c++ multithreading cookbook\9790os_chapter_2\philosophersdinner\x64\debug\philosop.59e8d277.tlog\cl.command.1.tlog
d:\program files\microsoft visual studio\c++ multithreading cookbook\9790os_chapter_2\philosophersdinner\x64\debug\philosop.59e8d277.tlog\cl.read.1.tlog
d:\program files\microsoft visual studio\c++ multithreading cookbook\9790os_chapter_2\philosophersdinner\x64\debug\philosop.59e8d277.tlog\cl.write.1.tlog
d:\program files\microsoft visual studio\c++ multithreading cookbook\9790os_chapter_2\philosophersdinner\x64\debug\philosop.59e8d277.tlog\link.command.1.tlog
d:\program files\microsoft visual studio\c++ multithreading cookbook\9790os_chapter_2\philosophersdinner\x64\debug\philosop.59e8d277.tlog\link.read.1.tlog
d:\program files\microsoft visual studio\c++ multithreading cookbook\9790os_chapter_2\philosophersdinner\x64\debug\philosop.59e8d277.tlog\link.write.1.tlog
d:\program files\microsoft visual studio\c++ multithreading cookbook\9790os_chapter_2\philosophersdinner\x64\debug\philosop.59e8d277.tlog\rc.command.1.tlog
d:\program files\microsoft visual studio\c++ multithreading cookbook\9790os_chapter_2\philosophersdinner\x64\debug\philosop.59e8d277.tlog\rc.read.1.tlog
d:\program files\microsoft visual studio\c++ multithreading cookbook\9790os_chapter_2\philosophersdinner\x64\debug\philosop.59e8d277.tlog\rc.write.1.tlog
