0 info it worked if it ends with ok
1 verbose cli [ '/usr/local/bin/node', '/usr/local/bin/npm', 'start' ]
2 info using npm@1.4.28
3 info using node@v0.10.33
4 verbose run-script [ 'prestart', 'start', 'poststart' ]
5 info prestart express-ajax@0.0.0
6 info start express-ajax@0.0.0
7 verbose unsafe-perm in lifecycle true
8 info express-ajax@0.0.0 Failed to exec start script
9 error express-ajax@0.0.0 start: `node ./bin/www`
9 error Exit status 8
10 error Failed at the express-ajax@0.0.0 start script.
10 error This is most likely a problem with the express-ajax package,
10 error not with npm itself.
10 error Tell the author that this fails on your system:
10 error     node ./bin/www
10 error You can get their info via:
10 error     npm owner ls express-ajax
10 error There is likely additional logging output above.
11 error System Linux 3.13.0-55-generic
12 error command "/usr/local/bin/node" "/usr/local/bin/npm" "start"
13 error cwd /home/king/webstorm.js/projects/NodeJS/Chapter12/express-ajax
14 error node -v v0.10.33
15 error npm -v 1.4.28
16 error code ELIFECYCLE
17 verbose exit [ 1, true ]
