Build started 2/23/2012 6:36:36 PM.
     1>Project "H:\book\code\chapter_07\BreakOnDllLoadVs\BreakOnDllLoad.vcxproj" on node 2 (build target(s)).
     1>InitializeBuildStatus:
         Creating "Debug\BreakOnDllLoad.unsuccessfulbuild" because "AlwaysCreate" was specified.
       ClCompile:
         c:\Program Files (x86)\Microsoft Visual Studio 10.0\VC\bin\CL.exe /c /I..\..\common\corelib /I..\..\common\misc /Zi /nologo /W3 /WX- /Od /Oy- /D WIN32 /D _DEBUG /D _CONSOLE /D /DUNICODE /D /D_UNICODE /D _ATL_STATIC_REGISTRY /Gm /EHsc /RTC1 /MDd /GS /fp:precise /Zc:wchar_t /Zc:forScope /Fo"Debug\\" /Fd"Debug\vc100.pdb" /Gd /TP /analyze- /errorReport:prompt host.cpp stdafx.cpp
         stdafx.cpp
         host.cpp
         Generating Code...
       ManifestResourceCompile:
         C:\Program Files (x86)\Microsoft SDKs\Windows\v7.0A\bin\rc.exe /nologo /fo"Debug\BreakOnDllLoad.exe.embed.manifest.res" Debug\BreakOnDllLoad_manifest.rc 
       Link:
         c:\Program Files (x86)\Microsoft Visual Studio 10.0\VC\bin\link.exe /ERRORREPORT:PROMPT /OUT:"H:\book\code\chapter_07\BreakOnDllLoadVs\Debug\BreakOnDllLoad.exe" /INCREMENTAL /NOLOGO kernel32.lib user32.lib gdi32.lib winspool.lib comdlg32.lib advapi32.lib shell32.lib ole32.lib oleaut32.lib uuid.lib odbc32.lib odbccp32.lib /MANIFEST /ManifestFile:"Debug\BreakOnDllLoad.exe.intermediate.manifest" /MANIFESTUAC:"level='asInvoker' uiAccess='false'" /DEBUG /PDB:"H:\book\code\chapter_07\BreakOnDllLoadVs\Debug\BreakOnDllLoad.pdb" /SUBSYSTEM:CONSOLE /TLBID:1 /DYNAMICBASE /NXCOMPAT /IMPLIB:"H:\book\code\chapter_07\BreakOnDllLoadVs\Debug\BreakOnDllLoad.lib" /MACHINE:X86 Debug\BreakOnDllLoad.exe.embed.manifest.res
         Debug\host.obj
         Debug\stdafx.obj
       Manifest:
         C:\Program Files (x86)\Microsoft SDKs\Windows\v7.0A\bin\mt.exe /nologo /verbose /out:"Debug\BreakOnDllLoad.exe.embed.manifest" /manifest Debug\BreakOnDllLoad.exe.intermediate.manifest
         All outputs are up-to-date.
       LinkEmbedManifest:
         All outputs are up-to-date.
         BreakOnDllLoad.vcxproj -> H:\book\code\chapter_07\BreakOnDllLoadVs\Debug\BreakOnDllLoad.exe
       FinalizeBuildStatus:
         Deleting file "Debug\BreakOnDllLoad.unsuccessfulbuild".
         Touching "Debug\BreakOnDllLoad.lastbuildstate".
     1>Done Building Project "H:\book\code\chapter_07\BreakOnDllLoadVs\BreakOnDllLoad.vcxproj" (build target(s)).

Build succeeded.

Time Elapsed 00:00:13.14
