BUILD: corrupt database (Directory error)
BUILD: Computing Include file dependencies:
BUILD: Examining d:\programming\oacr invalidate root:amd64fre /autocleanqueue
1>Compiling and Linking d:\programming\1>'nmake.exe /nologo BUILDMSG=Stop. -i BUILD_PASS=PASS2 LINKONLY=1 NOPASS0=1 MAKEDIR_RELATIVE_TO_BASEDIR='
1>d:\programming\1> C:\WinDDK\7600.16385.1\Bin\amd64\oacr\oacrlink /out:d:\programming\1>Microsoft (R) Incremental Linker Version 9.00.30729.207
1>Copyright (C) Microsoft Corporation.  All rights reserved.
1>/MERGE:_PAGE=PAGE 
1>/MERGE:_TEXT=.text 
1>/SECTION:INIT,d 
1>/OPT:REF 
1>/OPT:ICF 
1>/IGNORE:4198,4010,4037,4039,4065,4070,4078,4087,4089,4221,4108,4088,4218,4218,4235 
1>/INCREMENTAL:NO 
1>/release 
1>/NODEFAULTLIB 
1>/WX 
1>/debug 
1>/debugtype:cv,fixup,pdata 
1>/version:6.1 
1>/osversion:6.1 
1>C:\WinDDK\7600.16385.1\lib\win7\amd64\hotpatch.obj 
1>/functionpadmin:6 
1>/pdbcompress 
1>/STACK:0x40000,0x1000 
1>/driver 
1>/base:0x10000 
1>/subsystem:native,6.01 
1>/entry:GsDriverEntry 
1>/out:d:\programming\1>d:\programming\1>C:\WinDDK\7600.16385.1\lib\win7\amd64\BufferOverflowK.lib 
1>C:\WinDDK\7600.16385.1\lib\win7\amd64\ntoskrnl.lib 
1>C:\WinDDK\7600.16385.1\lib\win7\amd64\hal.lib 
1>C:\WinDDK\7600.16385.1\lib\win7\amd64\wmilib.lib 
1>mydriver.obj : MSIL .netmodule or module compiled with /GL found; restarting link with /LTCG; add /LTCG to the link command line to improve linker performance
1>Microsoft (R) Incremental Linker Version 9.00.30729.207
1>Copyright (C) Microsoft Corporation.  All rights reserved.
1>/MERGE:_PAGE=PAGE 
1>/MERGE:_TEXT=.text 
1>/SECTION:INIT,d 
1>/OPT:REF 
1>/OPT:ICF 
1>/IGNORE:4198,4010,4037,4039,4065,4070,4078,4087,4089,4221,4108,4088,4218,4218,4235 
1>/INCREMENTAL:NO 
1>/release 
1>/NODEFAULTLIB 
1>/WX 
1>/debug 
1>/debugtype:cv,fixup,pdata 
1>/version:6.1 
1>/osversion:6.1 
1>C:\WinDDK\7600.16385.1\lib\win7\amd64\hotpatch.obj 
1>/functionpadmin:6 
1>/pdbcompress 
1>/STACK:0x40000,0x1000 
1>/driver 
1>/base:0x10000 
1>/subsystem:native,6.01 
1>/entry:GsDriverEntry 
1>/out:d:\programming\1>d:\programming\1>C:\WinDDK\7600.16385.1\lib\win7\amd64\BufferOverflowK.lib 
1>C:\WinDDK\7600.16385.1\lib\win7\amd64\ntoskrnl.lib 
1>C:\WinDDK\7600.16385.1\lib\win7\amd64\hal.lib 
1>C:\WinDDK\7600.16385.1\lib\win7\amd64\wmilib.lib 
1>Generating code
1>Finished generating code
