d:\program files\microsoft visual studio\9790os_chapter_2\ipcworker\x64\debug\ipcworker.pch
d:\program files\microsoft visual studio\9790os_chapter_2\ipcworker\x64\debug\vc120.pdb
d:\program files\microsoft visual studio\9790os_chapter_2\ipcworker\x64\debug\vc120.idb
d:\program files\microsoft visual studio\9790os_chapter_2\ipcworker\x64\debug\stdafx.obj
d:\program files\microsoft visual studio\9790os_chapter_2\ipcworker\x64\debug\ipcworker.obj
d:\program files\microsoft visual studio\9790os_chapter_2\x64\debug\ipcworker.ilk
d:\program files\microsoft visual studio\9790os_chapter_2\x64\debug\ipcworker.exe
d:\program files\microsoft visual studio\9790os_chapter_2\x64\debug\ipcworker.pdb
d:\program files\microsoft visual studio\c++ multithreading cookbook\9790os_chapter_2\ipcworker\x64\debug\ipcworker.obj
d:\program files\microsoft visual studio\c++ multithreading cookbook\9790os_chapter_2\ipcworker\x64\debug\stdafx.obj
d:\program files\microsoft visual studio\c++ multithreading cookbook\9790os_chapter_2\ipcworker\x64\debug\ipcworker.pch
d:\program files\microsoft visual studio\c++ multithreading cookbook\9790os_chapter_2\ipcworker\x64\debug\vc120.idb
d:\program files\microsoft visual studio\c++ multithreading cookbook\9790os_chapter_2\ipcworker\x64\debug\vc120.pdb
d:\program files\microsoft visual studio\c++ multithreading cookbook\9790os_chapter_2\x64\debug\ipcworker.pdb
d:\program files\microsoft visual studio\c++ multithreading cookbook\9790os_chapter_2\x64\debug\ipcworker.exe
d:\program files\microsoft visual studio\c++ multithreading cookbook\9790os_chapter_2\x64\debug\ipcworker.ilk
d:\program files\microsoft visual studio\c++ multithreading cookbook\9790os_chapter_2\ipcworker\x64\debug\ipcworker.tlog\cl.command.1.tlog
d:\program files\microsoft visual studio\c++ multithreading cookbook\9790os_chapter_2\ipcworker\x64\debug\ipcworker.tlog\cl.read.1.tlog
d:\program files\microsoft visual studio\c++ multithreading cookbook\9790os_chapter_2\ipcworker\x64\debug\ipcworker.tlog\cl.write.1.tlog
d:\program files\microsoft visual studio\c++ multithreading cookbook\9790os_chapter_2\ipcworker\x64\debug\ipcworker.tlog\link.command.1.tlog
d:\program files\microsoft visual studio\c++ multithreading cookbook\9790os_chapter_2\ipcworker\x64\debug\ipcworker.tlog\link.read.1.tlog
d:\program files\microsoft visual studio\c++ multithreading cookbook\9790os_chapter_2\ipcworker\x64\debug\ipcworker.tlog\link.write.1.tlog
