d:\program files\microsoft visual studio\9790os_chapter_2\multithreadedarraysort\x64\debug\multithreadedarraysort.pch
d:\program files\microsoft visual studio\9790os_chapter_2\multithreadedarraysort\x64\debug\vc120.pdb
d:\program files\microsoft visual studio\9790os_chapter_2\multithreadedarraysort\x64\debug\vc120.idb
d:\program files\microsoft visual studio\9790os_chapter_2\multithreadedarraysort\x64\debug\stdafx.obj
d:\program files\microsoft visual studio\9790os_chapter_2\multithreadedarraysort\x64\debug\multithreadedarraysort.obj
d:\program files\microsoft visual studio\9790os_chapter_2\x64\debug\multithreadedarraysort.ilk
d:\program files\microsoft visual studio\9790os_chapter_2\x64\debug\multithreadedarraysort.exe
d:\program files\microsoft visual studio\9790os_chapter_2\x64\debug\multithreadedarraysort.pdb
d:\program files\microsoft visual studio\c++ multithreading cookbook\9790os_chapter_2\multithreadedarraysort\x64\debug\multithreadedarraysort.obj
d:\program files\microsoft visual studio\c++ multithreading cookbook\9790os_chapter_2\multithreadedarraysort\x64\debug\stdafx.obj
d:\program files\microsoft visual studio\c++ multithreading cookbook\9790os_chapter_2\multithreadedarraysort\x64\debug\multithreadedarraysort.pch
d:\program files\microsoft visual studio\c++ multithreading cookbook\9790os_chapter_2\multithreadedarraysort\x64\debug\vc120.idb
d:\program files\microsoft visual studio\c++ multithreading cookbook\9790os_chapter_2\multithreadedarraysort\x64\debug\vc120.pdb
d:\program files\microsoft visual studio\c++ multithreading cookbook\9790os_chapter_2\x64\debug\multithreadedarraysort.pdb
d:\program files\microsoft visual studio\c++ multithreading cookbook\9790os_chapter_2\x64\debug\multithreadedarraysort.exe
d:\program files\microsoft visual studio\c++ multithreading cookbook\9790os_chapter_2\x64\debug\multithreadedarraysort.ilk
d:\program files\microsoft visual studio\c++ multithreading cookbook\9790os_chapter_2\multithreadedarraysort\x64\debug\multithr.99f5c3dc.tlog\cl.command.1.tlog
d:\program files\microsoft visual studio\c++ multithreading cookbook\9790os_chapter_2\multithreadedarraysort\x64\debug\multithr.99f5c3dc.tlog\cl.read.1.tlog
d:\program files\microsoft visual studio\c++ multithreading cookbook\9790os_chapter_2\multithreadedarraysort\x64\debug\multithr.99f5c3dc.tlog\cl.write.1.tlog
d:\program files\microsoft visual studio\c++ multithreading cookbook\9790os_chapter_2\multithreadedarraysort\x64\debug\multithr.99f5c3dc.tlog\link.command.1.tlog
d:\program files\microsoft visual studio\c++ multithreading cookbook\9790os_chapter_2\multithreadedarraysort\x64\debug\multithr.99f5c3dc.tlog\link.read.1.tlog
d:\program files\microsoft visual studio\c++ multithreading cookbook\9790os_chapter_2\multithreadedarraysort\x64\debug\multithr.99f5c3dc.tlog\link.write.1.tlog
