F:\BOOK\CODE\CHAPTER_06\BUFFEROVERRUN\DEBUG\BUFFEROVERRUN.EXE
F:\book\code\chapter_06\BufferOverrun\Debug\BufferOverrun.exe.CodeAnalysisLog.xml
F:\BOOK\CODE\CHAPTER_06\BUFFEROVERRUN\DEBUG\BUFFEROVERRUN.EXE.EMBED.MANIFEST
F:\BOOK\CODE\CHAPTER_06\BUFFEROVERRUN\DEBUG\BUFFEROVERRUN.EXE.EMBED.MANIFEST.RES
F:\BOOK\CODE\CHAPTER_06\BUFFEROVERRUN\DEBUG\BUFFEROVERRUN.EXE.INTERMEDIATE.MANIFEST
F:\book\code\chapter_06\BufferOverrun\Debug\BufferOverrun.exe.lastcodeanalysissucceeded
F:\BOOK\CODE\CHAPTER_06\BUFFEROVERRUN\DEBUG\BUFFEROVERRUN.ILK
F:\BOOK\CODE\CHAPTER_06\BUFFEROVERRUN\DEBUG\BUFFEROVERRUN.PDB
F:\book\code\chapter_06\BufferOverrun\Debug\BufferOverrun_manifest.rc
F:\book\code\chapter_06\BufferOverrun\Debug\cl.command.1.tlog
F:\book\code\chapter_06\BufferOverrun\Debug\CL.read.1.tlog
F:\book\code\chapter_06\BufferOverrun\Debug\CL.write.1.tlog
F:\book\code\chapter_06\BufferOverrun\Debug\link.command.1.tlog
F:\book\code\chapter_06\BufferOverrun\Debug\link.read.1.tlog
F:\book\code\chapter_06\BufferOverrun\Debug\link.write.1.tlog
F:\book\code\chapter_06\BufferOverrun\Debug\link-cvtres.read.1.tlog
F:\book\code\chapter_06\BufferOverrun\Debug\link-cvtres.write.1.tlog
F:\BOOK\CODE\CHAPTER_06\BUFFEROVERRUN\DEBUG\MAIN.OBJ
F:\book\code\chapter_06\BufferOverrun\Debug\mt.command.1.tlog
F:\book\code\chapter_06\BufferOverrun\Debug\mt.read.1.tlog
F:\book\code\chapter_06\BufferOverrun\Debug\mt.write.1.tlog
F:\book\code\chapter_06\BufferOverrun\Debug\rc.command.1.tlog
F:\book\code\chapter_06\BufferOverrun\Debug\rc.read.1.tlog
F:\book\code\chapter_06\BufferOverrun\Debug\rc.write.1.tlog
F:\BOOK\CODE\CHAPTER_06\BUFFEROVERRUN\DEBUG\STDAFX.OBJ
F:\book\code\chapter_06\BufferOverrun\Debug\vc100.idb
F:\BOOK\CODE\CHAPTER_06\BUFFEROVERRUN\DEBUG\VC100.PDB
