Build started 3/12/2012 10:44:44 PM.
     1>Project "F:\book\code\chapter_06\BufferOverrun\BufferOverrun.vcxproj" on node 2 (rebuild target(s)).
     1>_PrepareForClean:
         Deleting file "Debug\BufferOverrun.lastbuildstate".
       InitializeBuildStatus:
         Creating "Debug\BufferOverrun.unsuccessfulbuild" because "AlwaysCreate" was specified.
       ClCompile:
         C:\Program Files\Microsoft Visual Studio 10.0\VC\bin\CL.exe /c /I..\..\common\corelib /Zi /nologo /W3 /WX- /Od /Oy- /D CODE_ANALYSIS /D WIN32 /D _DEBUG /D _CONSOLE /D /DUNICODE /D /D_UNICODE /D _ATL_STATIC_REGISTRY /Gm /EHsc /RTC1 /MDd /GS /fp:precise /Zc:wchar_t /Zc:forScope /Fo"Debug\\" /Fd"Debug\vc100.pdb" /Gd /TP /analyze /errorReport:prompt main.cpp stdafx.cpp
         stdafx.cpp
         main.cpp
         Running Code Analysis for C/C++...
     1>f:\book\code\chapter_06\bufferoverrun\main.cpp(34): warning C6057: Buffer overrun due to number of characters/number of bytes mismatch in call to 'CMainApp::FillString'
     1>f:\book\code\chapter_06\bufferoverrun\main.cpp(34): warning C6386: Buffer overrun: accessing 'argument 3', the writable size is '520' bytes, but '1040' bytes might be written: Lines: 29, 31, 34
         Generating Code...
       ManifestResourceCompile:
         C:\Program Files\Microsoft SDKs\Windows\v7.0A\bin\rc.exe /nologo /fo"Debug\BufferOverrun.exe.embed.manifest.res" Debug\BufferOverrun_manifest.rc 
       Link:
         C:\Program Files\Microsoft Visual Studio 10.0\VC\bin\link.exe /ERRORREPORT:PROMPT /OUT:"F:\book\code\chapter_06\BufferOverrun\Debug\BufferOverrun.exe" /INCREMENTAL /NOLOGO kernel32.lib user32.lib gdi32.lib winspool.lib comdlg32.lib advapi32.lib shell32.lib ole32.lib oleaut32.lib uuid.lib odbc32.lib odbccp32.lib /MANIFEST /ManifestFile:"Debug\BufferOverrun.exe.intermediate.manifest" /MANIFESTUAC:"level='asInvoker' uiAccess='false'" /DEBUG /PDB:"F:\book\code\chapter_06\BufferOverrun\Debug\BufferOverrun.pdb" /SUBSYSTEM:CONSOLE /TLBID:1 /DYNAMICBASE /NXCOMPAT /IMPLIB:"F:\book\code\chapter_06\BufferOverrun\Debug\BufferOverrun.lib" /MACHINE:X86 Debug\BufferOverrun.exe.embed.manifest.res
         Debug\main.obj
         Debug\stdafx.obj
       Manifest:
         Deleting file "Debug\BufferOverrun.exe.embed.manifest".
         C:\Program Files\Microsoft SDKs\Windows\v7.0A\bin\mt.exe /nologo /verbose /out:"Debug\BufferOverrun.exe.embed.manifest" /manifest Debug\BufferOverrun.exe.intermediate.manifest
         C:\Program Files\Microsoft SDKs\Windows\v7.0A\bin\rc.exe /nologo /fo"Debug\BufferOverrun.exe.embed.manifest.res" Debug\BufferOverrun_manifest.rc 
       LinkEmbedManifest:
         C:\Program Files\Microsoft Visual Studio 10.0\VC\bin\link.exe /ERRORREPORT:PROMPT /OUT:"F:\book\code\chapter_06\BufferOverrun\Debug\BufferOverrun.exe" /INCREMENTAL /NOLOGO kernel32.lib user32.lib gdi32.lib winspool.lib comdlg32.lib advapi32.lib shell32.lib ole32.lib oleaut32.lib uuid.lib odbc32.lib odbccp32.lib /MANIFEST /ManifestFile:"Debug\BufferOverrun.exe.intermediate.manifest" /MANIFESTUAC:"level='asInvoker' uiAccess='false'" /DEBUG /PDB:"F:\book\code\chapter_06\BufferOverrun\Debug\BufferOverrun.pdb" /SUBSYSTEM:CONSOLE /TLBID:1 /DYNAMICBASE /NXCOMPAT /IMPLIB:"F:\book\code\chapter_06\BufferOverrun\Debug\BufferOverrun.lib" /MACHINE:X86 Debug\BufferOverrun.exe.embed.manifest.res
         Debug\main.obj
         Debug\stdafx.obj
         BufferOverrun.vcxproj -> F:\book\code\chapter_06\BufferOverrun\Debug\BufferOverrun.exe
       RunCodeAnalysis:
         Running Code Analysis...
         C:\Program Files\Microsoft Visual Studio 10.0\Team Tools\Static Analysis Tools\FxCop\FxCopCmd.exe  /outputCulture:1033 /out:"F:\book\code\chapter_06\BufferOverrun\Debug\BufferOverrun.exe.CodeAnalysisLog.xml" /file:"F:\book\code\chapter_06\BufferOverrun\Debug\BufferOverrun.exe" /ruleSet:"=MinimumRecommendedRules.ruleset" /rulesetdirectory:"C:\Program Files\Microsoft Visual Studio 10.0\Team Tools\Static Analysis Tools\\Rule Sets" /rule:"-C:\Program Files\Microsoft Visual Studio 10.0\Team Tools\Static Analysis Tools\FxCop\\Rules" /searchgac /ignoreinvalidtargets /forceoutput /successfile /ignoregeneratedcode /saveMessagesToReport:Active /timeout:120 
         Code Analysis Complete -- 0 error(s), 0 warning(s)
       FinalizeBuildStatus:
         Deleting file "Debug\BufferOverrun.unsuccessfulbuild".
         Touching "Debug\BufferOverrun.lastbuildstate".
     1>Done Building Project "F:\book\code\chapter_06\BufferOverrun\BufferOverrun.vcxproj" (rebuild target(s)).

Build succeeded.

Time Elapsed 00:00:45.27
