d:\program files\microsoft visual studio\9790os_chapter_2\philosopher\x64\debug\philosopher.pch
d:\program files\microsoft visual studio\9790os_chapter_2\philosopher\x64\debug\vc120.pdb
d:\program files\microsoft visual studio\9790os_chapter_2\philosopher\x64\debug\vc120.idb
d:\program files\microsoft visual studio\9790os_chapter_2\philosopher\x64\debug\stdafx.obj
d:\program files\microsoft visual studio\9790os_chapter_2\philosopher\x64\debug\philosopher.obj
d:\program files\microsoft visual studio\9790os_chapter_2\x64\debug\philosopher.ilk
d:\program files\microsoft visual studio\9790os_chapter_2\x64\debug\philosopher.exe
d:\program files\microsoft visual studio\9790os_chapter_2\x64\debug\philosopher.pdb
d:\program files\microsoft visual studio\c++ multithreading cookbook\9790os_chapter_2\philosopher\x64\debug\philosopher.obj
d:\program files\microsoft visual studio\c++ multithreading cookbook\9790os_chapter_2\philosopher\x64\debug\stdafx.obj
d:\program files\microsoft visual studio\c++ multithreading cookbook\9790os_chapter_2\philosopher\x64\debug\philosopher.pch
d:\program files\microsoft visual studio\c++ multithreading cookbook\9790os_chapter_2\philosopher\x64\debug\vc120.idb
d:\program files\microsoft visual studio\c++ multithreading cookbook\9790os_chapter_2\philosopher\x64\debug\vc120.pdb
d:\program files\microsoft visual studio\c++ multithreading cookbook\9790os_chapter_2\x64\debug\philosopher.pdb
d:\program files\microsoft visual studio\c++ multithreading cookbook\9790os_chapter_2\x64\debug\philosopher.exe
d:\program files\microsoft visual studio\c++ multithreading cookbook\9790os_chapter_2\x64\debug\philosopher.ilk
d:\program files\microsoft visual studio\c++ multithreading cookbook\9790os_chapter_2\philosopher\x64\debug\philosopher.tlog\cl.command.1.tlog
d:\program files\microsoft visual studio\c++ multithreading cookbook\9790os_chapter_2\philosopher\x64\debug\philosopher.tlog\cl.read.1.tlog
d:\program files\microsoft visual studio\c++ multithreading cookbook\9790os_chapter_2\philosopher\x64\debug\philosopher.tlog\cl.write.1.tlog
d:\program files\microsoft visual studio\c++ multithreading cookbook\9790os_chapter_2\philosopher\x64\debug\philosopher.tlog\link.command.1.tlog
d:\program files\microsoft visual studio\c++ multithreading cookbook\9790os_chapter_2\philosopher\x64\debug\philosopher.tlog\link.read.1.tlog
d:\program files\microsoft visual studio\c++ multithreading cookbook\9790os_chapter_2\philosopher\x64\debug\philosopher.tlog\link.write.1.tlog
