d:\program files\microsoft visual studio\9790os_chapter_2\ntprocessdemo\x64\debug\ntprocessdemo.pch
d:\program files\microsoft visual studio\9790os_chapter_2\ntprocessdemo\x64\debug\vc120.pdb
d:\program files\microsoft visual studio\9790os_chapter_2\ntprocessdemo\x64\debug\vc120.idb
d:\program files\microsoft visual studio\9790os_chapter_2\ntprocessdemo\x64\debug\stdafx.obj
d:\program files\microsoft visual studio\9790os_chapter_2\ntprocessdemo\x64\debug\ntprocessdemo.obj
d:\program files\microsoft visual studio\9790os_chapter_2\x64\debug\ntprocessdemo.ilk
d:\program files\microsoft visual studio\9790os_chapter_2\x64\debug\ntprocessdemo.exe
d:\program files\microsoft visual studio\9790os_chapter_2\x64\debug\ntprocessdemo.pdb
d:\program files\microsoft visual studio\c++ multithreading cookbook\9790os_chapter_2\ntprocessdemo\x64\debug\ntprocessdemo.obj
d:\program files\microsoft visual studio\c++ multithreading cookbook\9790os_chapter_2\ntprocessdemo\x64\debug\stdafx.obj
d:\program files\microsoft visual studio\c++ multithreading cookbook\9790os_chapter_2\ntprocessdemo\x64\debug\ntprocessdemo.pch
d:\program files\microsoft visual studio\c++ multithreading cookbook\9790os_chapter_2\ntprocessdemo\x64\debug\vc120.idb
d:\program files\microsoft visual studio\c++ multithreading cookbook\9790os_chapter_2\ntprocessdemo\x64\debug\vc120.pdb
d:\program files\microsoft visual studio\c++ multithreading cookbook\9790os_chapter_2\x64\debug\ntprocessdemo.pdb
d:\program files\microsoft visual studio\c++ multithreading cookbook\9790os_chapter_2\x64\debug\ntprocessdemo.exe
d:\program files\microsoft visual studio\c++ multithreading cookbook\9790os_chapter_2\x64\debug\ntprocessdemo.ilk
d:\program files\microsoft visual studio\c++ multithreading cookbook\9790os_chapter_2\ntprocessdemo\x64\debug\ntprocessdemo.tlog\cl.command.1.tlog
d:\program files\microsoft visual studio\c++ multithreading cookbook\9790os_chapter_2\ntprocessdemo\x64\debug\ntprocessdemo.tlog\cl.read.1.tlog
d:\program files\microsoft visual studio\c++ multithreading cookbook\9790os_chapter_2\ntprocessdemo\x64\debug\ntprocessdemo.tlog\cl.write.1.tlog
d:\program files\microsoft visual studio\c++ multithreading cookbook\9790os_chapter_2\ntprocessdemo\x64\debug\ntprocessdemo.tlog\link.command.1.tlog
d:\program files\microsoft visual studio\c++ multithreading cookbook\9790os_chapter_2\ntprocessdemo\x64\debug\ntprocessdemo.tlog\link.read.1.tlog
d:\program files\microsoft visual studio\c++ multithreading cookbook\9790os_chapter_2\ntprocessdemo\x64\debug\ntprocessdemo.tlog\link.write.1.tlog
