d:\program files\microsoft visual studio\9790os_chapter_2\ipcdemo\x64\debug\ipcdemo.pch
d:\program files\microsoft visual studio\9790os_chapter_2\ipcdemo\x64\debug\vc120.pdb
d:\program files\microsoft visual studio\9790os_chapter_2\ipcdemo\x64\debug\vc120.idb
d:\program files\microsoft visual studio\9790os_chapter_2\ipcdemo\x64\debug\stdafx.obj
d:\program files\microsoft visual studio\9790os_chapter_2\ipcdemo\x64\debug\ipcdemo.obj
d:\program files\microsoft visual studio\9790os_chapter_2\x64\debug\ipcdemo.ilk
d:\program files\microsoft visual studio\9790os_chapter_2\x64\debug\ipcdemo.exe
d:\program files\microsoft visual studio\9790os_chapter_2\x64\debug\ipcdemo.pdb
d:\program files\microsoft visual studio\c++ multithreading cookbook\9790os_chapter_2\ipcdemo\x64\debug\ipcdemo.obj
d:\program files\microsoft visual studio\c++ multithreading cookbook\9790os_chapter_2\ipcdemo\x64\debug\stdafx.obj
d:\program files\microsoft visual studio\c++ multithreading cookbook\9790os_chapter_2\ipcdemo\x64\debug\ipcdemo.pch
d:\program files\microsoft visual studio\c++ multithreading cookbook\9790os_chapter_2\ipcdemo\x64\debug\vc120.idb
d:\program files\microsoft visual studio\c++ multithreading cookbook\9790os_chapter_2\ipcdemo\x64\debug\vc120.pdb
d:\program files\microsoft visual studio\c++ multithreading cookbook\9790os_chapter_2\x64\debug\ipcdemo.pdb
d:\program files\microsoft visual studio\c++ multithreading cookbook\9790os_chapter_2\x64\debug\ipcdemo.exe
d:\program files\microsoft visual studio\c++ multithreading cookbook\9790os_chapter_2\x64\debug\ipcdemo.ilk
d:\program files\microsoft visual studio\c++ multithreading cookbook\9790os_chapter_2\ipcdemo\x64\debug\ipcdemo.tlog\cl.command.1.tlog
d:\program files\microsoft visual studio\c++ multithreading cookbook\9790os_chapter_2\ipcdemo\x64\debug\ipcdemo.tlog\cl.read.1.tlog
d:\program files\microsoft visual studio\c++ multithreading cookbook\9790os_chapter_2\ipcdemo\x64\debug\ipcdemo.tlog\cl.write.1.tlog
d:\program files\microsoft visual studio\c++ multithreading cookbook\9790os_chapter_2\ipcdemo\x64\debug\ipcdemo.tlog\link.command.1.tlog
d:\program files\microsoft visual studio\c++ multithreading cookbook\9790os_chapter_2\ipcdemo\x64\debug\ipcdemo.tlog\link.read.1.tlog
d:\program files\microsoft visual studio\c++ multithreading cookbook\9790os_chapter_2\ipcdemo\x64\debug\ipcdemo.tlog\link.write.1.tlog
