BUILD: Computing Include file dependencies:
BUILD: Examining d:\work\pln\skipping post pass 0 command
Compiling and Linking d:\work\pln\'nmake.exe /nologo BUILDMSG=Stop. -i BUILD_PASS=PASS2 LINKONLY=1 NOPASS0=1 MAKEDIR_RELATIVE_TO_BASEDIR='
BUILDMSG: _NT_TARGET_VERSION SET TO WINXP
cl.exe /Ii386 /I. /Id:\work\pln\
#include "precomp.h"
Microsoft (R) 32-bit C/C++ Optimizing Compiler Version 14.00.50727.278 for 80x86
Copyright (C) Microsoft Corporation.  All rights reserved.
cl 
 /Ii386
 /I.
 /Id:\work\pln\
 /IC:\WINDDK\6001.18001\inc\api
 /IC:\WINDDK\6001.18001\inc\api
 /IC:\WINDDK\6001.18001\inc\ddk
 /IC:\WINDDK\6001.18001\inc\ddk
 /IC:\WINDDK\6001.18001\inc\crt
 /D_X86_=1
 /Di386=1
 /DSTD_CALL
 /DCONDITION_HANDLING=1
 /DNT_INST=0
 /DWIN32=100
 /D_NT1X_=100
 /DWINNT=1
 /D_WIN32_WINNT=0x0501
 /DWINVER=0x0501
 /D_WIN32_IE=0x0603
 /DWIN32_LEAN_AND_MEAN=1
 /DDEVL=1
 /D__BUILDMACHINE__=WinDDK
 /DFPO=0
 /DNDEBUG
 /D_DLL=1
 /DNDEBUG
 -DNDIS_WDM=1
 /DNTDDI_VERSION=0x05010200
 /c
 /Zc:wchar_t-
 /Zl
 /Zp8
 /Gy
 /Gm-
 -cbstring
 /W3
 /WX
 /Gz
 /hotpatch
 /EHs-c-
 /GR-
 /GF
 /GS
 /Zi
 /Oxs
 /Oy-
 /Zi
 /Fdd:\work\pln\
 /DKMDF_MAJOR_VERSION=01
 /DKMDF_MINOR_VERSION=007
 /FIC:\WINDDK\6001.18001\inc\api\warning.h
 /Ylndisprot /Ycprecomp.h /Fpd:\work\pln\
pch_hdr.src
 rc -l 409 -DSXS_PROCESSOR_ARCHITECTURE="""x86"""  -DSXS_TARGET="""ndisprot.sys"""   -DSYSTEM_COMPATIBLE_ASSEMBLY_NAME="""Microsoft.Windows.SystemCompatible"""  -DLSYSTEM_COMPATIBLE_ASSEMBLY_NAME=L"""Microsoft.Windows.SystemCompatible"""   -DSXS_ASSEMBLY_VERSION=""""""  /r /fo d:\work\pln\
Microsoft (R) Windows (R) Resource Compiler Version 6.0.5724.0
Copyright (C) Microsoft Corporation.  All rights reserved.
 cl.exe @d:\work\pln\????\source_code\ndisprot\objfre_wxp_x86\i386\cl.rsp
Microsoft (R) 32-bit C/C++ Optimizing Compiler Version 14.00.50727.278 for 80x86
Copyright (C) Microsoft Corporation.  All rights reserved.
cl /Fo"d:\work\pln\
 /FC
 /Ii386
 /I.
 /Id:\work\pln\
 /IC:\WINDDK\6001.18001\inc\api
 /IC:\WINDDK\6001.18001\inc\api
 /IC:\WINDDK\6001.18001\inc\ddk
 /IC:\WINDDK\6001.18001\inc\ddk
 /IC:\WINDDK\6001.18001\inc\crt
 /D_X86_=1
 /Di386=1
 /DSTD_CALL
 /DCONDITION_HANDLING=1
 /DNT_INST=0
 /DWIN32=100
 /D_NT1X_=100
 /DWINNT=1
 /D_WIN32_WINNT=0x0501
 /DWINVER=0x0501
 /D_WIN32_IE=0x0603
 /DWIN32_LEAN_AND_MEAN=1
 /DDEVL=1
 /D__BUILDMACHINE__=WinDDK
 /DFPO=0
 /DNDEBUG
 /D_DLL=1
 /DNDEBUG
 -DNDIS_WDM=1
 /DNTDDI_VERSION=0x05010200
 /c
 /Zc:wchar_t-
 /Zl
 /Zp8
 /Gy
 /Gm-
 -cbstring
 /W3
 /WX
 /Gz
 /hotpatch
 /EHs-c-
 /GR-
 /GF
 /GS
 /Zi
 /Oxs
 /Oy-
 /Zi
 /Fdd:\work\pln\
 /DKMDF_MAJOR_VERSION=01
 /DKMDF_MINOR_VERSION=007
 /FIC:\WINDDK\6001.18001\inc\api\warning.h
 /Yuprecomp.h
 /Fpd:\work\pln\
 .\ntdisp.c .\ndisbind.c .\recv.c .\send.c .\debug.c .\excallbk.c 
ntdisp.c
ndisbind.c
recv.c
send.c
debug.c
excallbk.c
Generating Code...
 link.exe /out:d:\work\pln\????\source_code\ndisprot\objfre_wxp_x86\i386\ndisprot.sys /machine:ix86 @d:\work\pln\????\source_code\ndisprot\objfre_wxp_x86\i386\lnk.rsp
Microsoft (R) Incremental Linker Version 8.00.50727.278
Copyright (C) Microsoft Corporation.  All rights reserved.
/MERGE:_PAGE=PAGE 
/MERGE:_TEXT=.text 
/SECTION:INIT,d 
/OPT:REF 
/OPT:ICF 
/IGNORE:4198,4010,4037,4039,4065,4070,4078,4087,4089,4221 
/INCREMENTAL:NO 
/release 
/NODEFAULTLIB 
/WX 
/debug 
/debugtype:cv,fixup,pdata 
/version:6.0 
/osversion:6.0 
/functionpadmin:5 
/safeseh 
/pdbcompress 
/STACK:0x40000,0x1000 
/driver 
/base:0x10000 
/align:0x80 /stub:c:\winddk\6001.18001\lib\wxp\stub512.com 
/subsystem:native,5.01 
/entry:GsDriverEntry@8 
/out:d:\work\pln\
d:\work\pln\
d:\work\pln\
d:\work\pln\
d:\work\pln\
d:\work\pln\
d:\work\pln\
d:\work\pln\
d:\work\pln\
c:\winddk\6001.18001\lib\wxp\i386\BufferOverflowK.lib 
c:\winddk\6001.18001\lib\wxp\i386\ntoskrnl.lib 
c:\winddk\6001.18001\lib\wxp\i386\hal.lib 
c:\winddk\6001.18001\lib\wxp\i386\wmilib.lib 
c:\winddk\6001.18001\lib\wxp\i386\ndis.lib 
c:\winddk\6001.18001\lib\wxp\i386\wdmsec.lib 
c:\winddk\6001.18001\lib\wxp\i386\sehupd.lib 
