BUILD: Examining e:\network\ตฺ11ีย\passthruex\driver directory for files to compile.
Compiling (NoSync) e:\network\ตฺ11ีย\passthruex\driver directory ********************
'nmake.exe /nologo BUILDMSG=Stop. -i NTTEST= UMTEST= NTNOPCH=yes NOLINK=1 386=1'
cl -nologo -Ii386\ -I. -ID:\WINDDK\3790~1.121\inc\mfc42 -Iobjchk_wnet_x86\i386 -ID:\WINDDK\3790~1.121\inc\wnet -ID:\WINDDK\3790~1.121\inc\wnet -ID:\WINDDK\3790~1.121\inc\ddk\wnet -ID:\WINDDK\3790~1.121\inc\ddk\wdm\wnet -ID:\WINDDK\3790~1.121\inc\crt -D_X86_=1 -Di386=1  -DSTD_CALL -DCONDITION_HANDLING=1   -DNT_INST=0 -DWIN32=100 -D_NT1X_=100 -DWINNT=1 -D_WIN32_WINNT=0x0502 /DWINVER=0x0502 -D_WIN32_IE=0x0603    -DWIN32_LEAN_AND_MEAN=1 -DDEVL=1 -DDBG=1 -D__BUILDMACHINE__=WinDDK -DFPO=0  -DNDEBUG -D_DLL=1  -DNDIS_MINIPORT_DRIVER -DNDIS_WDM=1 -DNDIS51_MINIPORT=1 -DNDIS51=1     /c /Zl /Zp8 /Gy /Gm- -cbstring /W3 /WX /Gz  /GX-  /GR- /GF /GS /G6 /Ze /Gi- /QIfdiv- /hotpatch -Z7 /Od /Oi  /Oy-   -FID:\WINDDK\3790~1.121\inc\wnet\warning.h   .\ptextend.c .\filter.c 
ptextend.c
filter.c
Generating Code...

Stop.
Linking e:\network\ตฺ11ีย\passthruex\driver directory ********************
'nmake.exe /nologo BUILDMSG=Stop. -i LINKONLY=1 NOPASS0=1 NTTEST= UMTEST= 386=1'
	link -out:objchk_wnet_x86\i386\passthru.sys -machine:ix86 @C:\DOCUME~1\ADMINI~1\LOCALS~1\Temp\nm15.tmp
Microsoft (R) Incremental Linker Version 7.10.4035
Copyright (C) Microsoft Corporation.  All rights reserved.

-MERGE:_PAGE=PAGE 
-MERGE:_TEXT=.text 
-SECTION:INIT,d 
-OPT:REF 
-OPT:ICF 
-IGNORE:4198,4010,4037,4039,4065,4070,4078,4087,4089,4221 
-INCREMENTAL:NO 
-FULLBUILD 
/release 
-NODEFAULTLIB 
/WX 
-debug 
-debugtype:cv 
-version:5.2 
-osversion:5.2 
/functionpadmin:5 
/pdbcompress 
-STACK:0x40000,0x1000 
-driver 
-base:0x10000 
-subsystem:native,5.02 
-entry:GsDriverEntry@8 
-out:objchk_wnet_x86\i386\passthru.sys 
objchk_wnet_x86\i386\precomp.obj 
objchk_wnet_x86\i386\passthru.res 
objchk_wnet_x86\i386\miniport.obj 
objchk_wnet_x86\i386\passthru.obj 
objchk_wnet_x86\i386\protocol.obj 
objchk_wnet_x86\i386\ptextend.obj 
objchk_wnet_x86\i386\filter.obj 
D:\WINDDK\3790~1.121\lib\wnet\i386\BufferOverflowK.lib 
D:\WINDDK\3790~1.121\lib\wnet\i386\ntoskrnl.lib 
D:\WINDDK\3790~1.121\lib\wnet\i386\ntoskrnl.lib 
D:\WINDDK\3790~1.121\lib\wnet\i386\hal.lib 
D:\WINDDK\3790~1.121\lib\wnet\i386\wmilib.lib 
D:\WINDDK\3790~1.121\lib\wnet\i386\ndis.lib 
	echo Skip Binplace:
Skip Binplace:

Stop.
