G:\book\code\chapter_06\FormatString\Debug\cl.command.1.tlog
G:\book\code\chapter_06\FormatString\Debug\CL.read.1.tlog
G:\book\code\chapter_06\FormatString\Debug\CL.write.1.tlog
G:\BOOK\CODE\CHAPTER_06\FORMATSTRING\DEBUG\FORMATSTRING.EXE
G:\book\code\chapter_06\FormatString\Debug\FormatString.exe.CodeAnalysisLog.xml
G:\BOOK\CODE\CHAPTER_06\FORMATSTRING\DEBUG\FORMATSTRING.EXE.EMBED.MANIFEST
G:\BOOK\CODE\CHAPTER_06\FORMATSTRING\DEBUG\FORMATSTRING.EXE.EMBED.MANIFEST.RES
G:\BOOK\CODE\CHAPTER_06\FORMATSTRING\DEBUG\FORMATSTRING.EXE.INTERMEDIATE.MANIFEST
G:\book\code\chapter_06\FormatString\Debug\FormatString.exe.lastcodeanalysissucceeded
G:\BOOK\CODE\CHAPTER_06\FORMATSTRING\DEBUG\FORMATSTRING.ILK
G:\BOOK\CODE\CHAPTER_06\FORMATSTRING\DEBUG\FORMATSTRING.PDB
G:\book\code\chapter_06\FormatString\Debug\FormatString_manifest.rc
G:\book\code\chapter_06\FormatString\Debug\link.4656.read.1.tlog
G:\book\code\chapter_06\FormatString\Debug\link.4656.write.1.tlog
G:\book\code\chapter_06\FormatString\Debug\link.4656-cvtres.read.1.tlog
G:\book\code\chapter_06\FormatString\Debug\link.4656-cvtres.write.1.tlog
G:\book\code\chapter_06\FormatString\Debug\link.command.1.tlog
G:\book\code\chapter_06\FormatString\Debug\link.read.1.tlog
G:\book\code\chapter_06\FormatString\Debug\link.write.1.tlog
G:\book\code\chapter_06\FormatString\Debug\link-cvtres.read.1.tlog
G:\book\code\chapter_06\FormatString\Debug\link-cvtres.write.1.tlog
G:\BOOK\CODE\CHAPTER_06\FORMATSTRING\DEBUG\MAIN.OBJ
G:\book\code\chapter_06\FormatString\Debug\mt.command.1.tlog
G:\book\code\chapter_06\FormatString\Debug\mt.read.1.tlog
G:\book\code\chapter_06\FormatString\Debug\mt.write.1.tlog
G:\book\code\chapter_06\FormatString\Debug\rc.command.1.tlog
G:\book\code\chapter_06\FormatString\Debug\rc.read.1.tlog
G:\book\code\chapter_06\FormatString\Debug\rc.write.1.tlog
G:\BOOK\CODE\CHAPTER_06\FORMATSTRING\DEBUG\STDAFX.OBJ
G:\book\code\chapter_06\FormatString\Debug\vc100.idb
G:\BOOK\CODE\CHAPTER_06\FORMATSTRING\DEBUG\VC100.PDB
